2014-02-19 16:56:10,606 - Parser Exception: matthew.velocity.codegen.Templater
org.apache.velocity.runtime.parser.ParseException: Encountered "${" at line 25, column 45.
Was expecting one of:
    <RPAREN> ...
    <WHITESPACE> ...
    "-" ...
    "+" ...
    "*" ...
    "/" ...
    "%" ...
    <LOGICAL_AND> ...
    <LOGICAL_OR> ...
    <LOGICAL_LT> ...
    <LOGICAL_LE> ...
    <LOGICAL_GT> ...
    <LOGICAL_GE> ...
    <LOGICAL_EQUALS> ...
    <LOGICAL_NOT_EQUALS> ...
    
	at org.apache.velocity.runtime.parser.Parser.generateParseException(Parser.java:3679)
	at org.apache.velocity.runtime.parser.Parser.jj_consume_token(Parser.java:3558)
	at org.apache.velocity.runtime.parser.Parser.SetDirective(Parser.java:1972)
	at org.apache.velocity.runtime.parser.Parser.Statement(Parser.java:369)
	at org.apache.velocity.runtime.parser.Parser.IfStatement(Parser.java:1692)
	at org.apache.velocity.runtime.parser.Parser.Statement(Parser.java:352)
	at org.apache.velocity.runtime.parser.Parser.IfStatement(Parser.java:1692)
	at org.apache.velocity.runtime.parser.Parser.Statement(Parser.java:352)
	at org.apache.velocity.runtime.parser.Parser.Directive(Parser.java:918)
	at org.apache.velocity.runtime.parser.Parser.Statement(Parser.java:379)
	at org.apache.velocity.runtime.parser.Parser.Directive(Parser.java:918)
	at org.apache.velocity.runtime.parser.Parser.Statement(Parser.java:379)
	at org.apache.velocity.runtime.parser.Parser.process(Parser.java:317)
	at org.apache.velocity.runtime.parser.Parser.parse(Parser.java:117)
	at org.apache.velocity.runtime.RuntimeInstance.parse(RuntimeInstance.java:1226)
	at org.apache.velocity.runtime.RuntimeInstance.parse(RuntimeInstance.java:1181)
	at org.apache.velocity.runtime.RuntimeInstance.evaluate(RuntimeInstance.java:1297)
	at org.apache.velocity.runtime.RuntimeInstance.evaluate(RuntimeInstance.java:1265)
	at org.apache.velocity.app.VelocityEngine.evaluate(VelocityEngine.java:199)
	at matthew.velocity.codegen.Templater.process(Templater.java:35)
	at matthew.main.TemplateProcessor.createMarshaller(TemplateProcessor.java:188)
	at matthew.main.TemplateProcessor.call(TemplateProcessor.java:60)
	at matthew.main.Main.main(Main.java:13)
	at sun.reflect.NativeMethodAccessorImpl.invoke0(Native Method)
	at sun.reflect.NativeMethodAccessorImpl.invoke(NativeMethodAccessorImpl.java:57)
	at sun.reflect.DelegatingMethodAccessorImpl.invoke(DelegatingMethodAccessorImpl.java:43)
	at java.lang.reflect.Method.invoke(Method.java:606)
	at com.intellij.rt.execution.application.AppMain.main(AppMain.java:120)
2014-02-19 16:56:10,606 - Parser Exception: matthew.velocity.codegen.Templater
org.apache.velocity.runtime.parser.ParseException: Encountered "${" at line 25, column 45.
Was expecting one of:
    <RPAREN> ...
    <WHITESPACE> ...
    "-" ...
    "+" ...
    "*" ...
    "/" ...
    "%" ...
    <LOGICAL_AND> ...
    <LOGICAL_OR> ...
    <LOGICAL_LT> ...
    <LOGICAL_LE> ...
    <LOGICAL_GT> ...
    <LOGICAL_GE> ...
    <LOGICAL_EQUALS> ...
    <LOGICAL_NOT_EQUALS> ...
    
	at org.apache.velocity.runtime.parser.Parser.generateParseException(Parser.java:3679)
	at org.apache.velocity.runtime.parser.Parser.jj_consume_token(Parser.java:3558)
	at org.apache.velocity.runtime.parser.Parser.SetDirective(Parser.java:1972)
	at org.apache.velocity.runtime.parser.Parser.Statement(Parser.java:369)
	at org.apache.velocity.runtime.parser.Parser.IfStatement(Parser.java:1692)
	at org.apache.velocity.runtime.parser.Parser.Statement(Parser.java:352)
	at org.apache.velocity.runtime.parser.Parser.IfStatement(Parser.java:1692)
	at org.apache.velocity.runtime.parser.Parser.Statement(Parser.java:352)
	at org.apache.velocity.runtime.parser.Parser.Directive(Parser.java:918)
	at org.apache.velocity.runtime.parser.Parser.Statement(Parser.java:379)
	at org.apache.velocity.runtime.parser.Parser.Directive(Parser.java:918)
	at org.apache.velocity.runtime.parser.Parser.Statement(Parser.java:379)
	at org.apache.velocity.runtime.parser.Parser.process(Parser.java:317)
	at org.apache.velocity.runtime.parser.Parser.parse(Parser.java:117)
	at org.apache.velocity.runtime.RuntimeInstance.parse(RuntimeInstance.java:1226)
	at org.apache.velocity.runtime.RuntimeInstance.parse(RuntimeInstance.java:1181)
	at org.apache.velocity.runtime.RuntimeInstance.evaluate(RuntimeInstance.java:1297)
	at org.apache.velocity.runtime.RuntimeInstance.evaluate(RuntimeInstance.java:1265)
	at org.apache.velocity.app.VelocityEngine.evaluate(VelocityEngine.java:199)
	at matthew.velocity.codegen.Templater.process(Templater.java:35)
	at matthew.main.TemplateProcessor.createMarshaller(TemplateProcessor.java:188)
	at matthew.main.TemplateProcessor.call(TemplateProcessor.java:60)
	at matthew.main.Main.main(Main.java:13)
	at sun.reflect.NativeMethodAccessorImpl.invoke0(Native Method)
	at sun.reflect.NativeMethodAccessorImpl.invoke(NativeMethodAccessorImpl.java:57)
	at sun.reflect.DelegatingMethodAccessorImpl.invoke(DelegatingMethodAccessorImpl.java:43)
	at java.lang.reflect.Method.invoke(Method.java:606)
	at com.intellij.rt.execution.application.AppMain.main(AppMain.java:120)
2014-02-19 16:57:52,760 - Parser Exception: matthew.velocity.codegen.Templater
org.apache.velocity.runtime.parser.ParseException: Encountered "${" at line 25, column 45.
Was expecting one of:
    <RPAREN> ...
    <WHITESPACE> ...
    "-" ...
    "+" ...
    "*" ...
    "/" ...
    "%" ...
    <LOGICAL_AND> ...
    <LOGICAL_OR> ...
    <LOGICAL_LT> ...
    <LOGICAL_LE> ...
    <LOGICAL_GT> ...
    <LOGICAL_GE> ...
    <LOGICAL_EQUALS> ...
    <LOGICAL_NOT_EQUALS> ...
    
	at org.apache.velocity.runtime.parser.Parser.generateParseException(Parser.java:3679)
	at org.apache.velocity.runtime.parser.Parser.jj_consume_token(Parser.java:3558)
	at org.apache.velocity.runtime.parser.Parser.SetDirective(Parser.java:1972)
	at org.apache.velocity.runtime.parser.Parser.Statement(Parser.java:369)
	at org.apache.velocity.runtime.parser.Parser.IfStatement(Parser.java:1692)
	at org.apache.velocity.runtime.parser.Parser.Statement(Parser.java:352)
	at org.apache.velocity.runtime.parser.Parser.IfStatement(Parser.java:1692)
	at org.apache.velocity.runtime.parser.Parser.Statement(Parser.java:352)
	at org.apache.velocity.runtime.parser.Parser.Directive(Parser.java:918)
	at org.apache.velocity.runtime.parser.Parser.Statement(Parser.java:379)
	at org.apache.velocity.runtime.parser.Parser.Directive(Parser.java:918)
	at org.apache.velocity.runtime.parser.Parser.Statement(Parser.java:379)
	at org.apache.velocity.runtime.parser.Parser.process(Parser.java:317)
	at org.apache.velocity.runtime.parser.Parser.parse(Parser.java:117)
	at org.apache.velocity.runtime.RuntimeInstance.parse(RuntimeInstance.java:1226)
	at org.apache.velocity.runtime.RuntimeInstance.parse(RuntimeInstance.java:1181)
	at org.apache.velocity.runtime.RuntimeInstance.evaluate(RuntimeInstance.java:1297)
	at org.apache.velocity.runtime.RuntimeInstance.evaluate(RuntimeInstance.java:1265)
	at org.apache.velocity.app.VelocityEngine.evaluate(VelocityEngine.java:199)
	at matthew.velocity.codegen.Templater.process(Templater.java:35)
	at matthew.main.TemplateProcessor.createMarshaller(TemplateProcessor.java:188)
	at matthew.main.TemplateProcessor.call(TemplateProcessor.java:60)
	at matthew.main.Main.main(Main.java:13)
	at sun.reflect.NativeMethodAccessorImpl.invoke0(Native Method)
	at sun.reflect.NativeMethodAccessorImpl.invoke(NativeMethodAccessorImpl.java:57)
	at sun.reflect.DelegatingMethodAccessorImpl.invoke(DelegatingMethodAccessorImpl.java:43)
	at java.lang.reflect.Method.invoke(Method.java:606)
	at com.intellij.rt.execution.application.AppMain.main(AppMain.java:120)
2014-02-19 16:57:52,760 - Parser Exception: matthew.velocity.codegen.Templater
org.apache.velocity.runtime.parser.ParseException: Encountered "${" at line 25, column 45.
Was expecting one of:
    <RPAREN> ...
    <WHITESPACE> ...
    "-" ...
    "+" ...
    "*" ...
    "/" ...
    "%" ...
    <LOGICAL_AND> ...
    <LOGICAL_OR> ...
    <LOGICAL_LT> ...
    <LOGICAL_LE> ...
    <LOGICAL_GT> ...
    <LOGICAL_GE> ...
    <LOGICAL_EQUALS> ...
    <LOGICAL_NOT_EQUALS> ...
    
	at org.apache.velocity.runtime.parser.Parser.generateParseException(Parser.java:3679)
	at org.apache.velocity.runtime.parser.Parser.jj_consume_token(Parser.java:3558)
	at org.apache.velocity.runtime.parser.Parser.SetDirective(Parser.java:1972)
	at org.apache.velocity.runtime.parser.Parser.Statement(Parser.java:369)
	at org.apache.velocity.runtime.parser.Parser.IfStatement(Parser.java:1692)
	at org.apache.velocity.runtime.parser.Parser.Statement(Parser.java:352)
	at org.apache.velocity.runtime.parser.Parser.IfStatement(Parser.java:1692)
	at org.apache.velocity.runtime.parser.Parser.Statement(Parser.java:352)
	at org.apache.velocity.runtime.parser.Parser.Directive(Parser.java:918)
	at org.apache.velocity.runtime.parser.Parser.Statement(Parser.java:379)
	at org.apache.velocity.runtime.parser.Parser.Directive(Parser.java:918)
	at org.apache.velocity.runtime.parser.Parser.Statement(Parser.java:379)
	at org.apache.velocity.runtime.parser.Parser.process(Parser.java:317)
	at org.apache.velocity.runtime.parser.Parser.parse(Parser.java:117)
	at org.apache.velocity.runtime.RuntimeInstance.parse(RuntimeInstance.java:1226)
	at org.apache.velocity.runtime.RuntimeInstance.parse(RuntimeInstance.java:1181)
	at org.apache.velocity.runtime.RuntimeInstance.evaluate(RuntimeInstance.java:1297)
	at org.apache.velocity.runtime.RuntimeInstance.evaluate(RuntimeInstance.java:1265)
	at org.apache.velocity.app.VelocityEngine.evaluate(VelocityEngine.java:199)
	at matthew.velocity.codegen.Templater.process(Templater.java:35)
	at matthew.main.TemplateProcessor.createMarshaller(TemplateProcessor.java:188)
	at matthew.main.TemplateProcessor.call(TemplateProcessor.java:60)
	at matthew.main.Main.main(Main.java:13)
	at sun.reflect.NativeMethodAccessorImpl.invoke0(Native Method)
	at sun.reflect.NativeMethodAccessorImpl.invoke(NativeMethodAccessorImpl.java:57)
	at sun.reflect.DelegatingMethodAccessorImpl.invoke(DelegatingMethodAccessorImpl.java:43)
	at java.lang.reflect.Method.invoke(Method.java:606)
	at com.intellij.rt.execution.application.AppMain.main(AppMain.java:120)
2014-02-19 17:02:58,731 - Parser Exception: matthew.velocity.codegen.Templater
org.apache.velocity.runtime.parser.ParseException: Encountered "null" at line 27, column 68.
Was expecting one of:
    "[" ...
    "{" ...
    "(" ...
    <STRING_LITERAL> ...
    "true" ...
    "false" ...
    <INTEGER_LITERAL> ...
    <FLOATING_POINT_LITERAL> ...
    <IDENTIFIER> ...
    "{" ...
    "[" ...
    
	at org.apache.velocity.runtime.parser.Parser.generateParseException(Parser.java:3679)
	at org.apache.velocity.runtime.parser.Parser.jj_consume_token(Parser.java:3558)
	at org.apache.velocity.runtime.parser.Parser.PrimaryExpression(Parser.java:2644)
	at org.apache.velocity.runtime.parser.Parser.UnaryExpression(Parser.java:2586)
	at org.apache.velocity.runtime.parser.Parser.MultiplicativeExpression(Parser.java:2435)
	at org.apache.velocity.runtime.parser.Parser.AdditiveExpression(Parser.java:2359)
	at org.apache.velocity.runtime.parser.Parser.RelationalExpression(Parser.java:2227)
	at org.apache.velocity.runtime.parser.Parser.EqualityExpression(Parser.java:2197)
	at org.apache.velocity.runtime.parser.Parser.ConditionalAndExpression(Parser.java:2111)
	at org.apache.velocity.runtime.parser.Parser.ConditionalOrExpression(Parser.java:2071)
	at org.apache.velocity.runtime.parser.Parser.Expression(Parser.java:2018)
	at org.apache.velocity.runtime.parser.Parser.SetDirective(Parser.java:1971)
	at org.apache.velocity.runtime.parser.Parser.Statement(Parser.java:369)
	at org.apache.velocity.runtime.parser.Parser.ElseStatement(Parser.java:1804)
	at org.apache.velocity.runtime.parser.Parser.IfStatement(Parser.java:1734)
	at org.apache.velocity.runtime.parser.Parser.Statement(Parser.java:352)
	at org.apache.velocity.runtime.parser.Parser.IfStatement(Parser.java:1692)
	at org.apache.velocity.runtime.parser.Parser.Statement(Parser.java:352)
	at org.apache.velocity.runtime.parser.Parser.Directive(Parser.java:918)
	at org.apache.velocity.runtime.parser.Parser.Statement(Parser.java:379)
	at org.apache.velocity.runtime.parser.Parser.Directive(Parser.java:918)
	at org.apache.velocity.runtime.parser.Parser.Statement(Parser.java:379)
	at org.apache.velocity.runtime.parser.Parser.process(Parser.java:317)
	at org.apache.velocity.runtime.parser.Parser.parse(Parser.java:117)
	at org.apache.velocity.runtime.RuntimeInstance.parse(RuntimeInstance.java:1226)
	at org.apache.velocity.runtime.RuntimeInstance.parse(RuntimeInstance.java:1181)
	at org.apache.velocity.runtime.RuntimeInstance.evaluate(RuntimeInstance.java:1297)
	at org.apache.velocity.runtime.RuntimeInstance.evaluate(RuntimeInstance.java:1265)
	at org.apache.velocity.app.VelocityEngine.evaluate(VelocityEngine.java:199)
	at matthew.velocity.codegen.Templater.process(Templater.java:35)
	at matthew.main.TemplateProcessor.createMarshaller(TemplateProcessor.java:188)
	at matthew.main.TemplateProcessor.call(TemplateProcessor.java:60)
	at matthew.main.Main.main(Main.java:13)
	at sun.reflect.NativeMethodAccessorImpl.invoke0(Native Method)
	at sun.reflect.NativeMethodAccessorImpl.invoke(NativeMethodAccessorImpl.java:57)
	at sun.reflect.DelegatingMethodAccessorImpl.invoke(DelegatingMethodAccessorImpl.java:43)
	at java.lang.reflect.Method.invoke(Method.java:606)
	at com.intellij.rt.execution.application.AppMain.main(AppMain.java:120)
2014-04-21 20:33:30,732 - Parser Exception: matthew.velocity.codegen.Templater
org.apache.velocity.runtime.parser.ParseException: Encountered "<EOF>" at line 73, column 1.
Was expecting one of:
    "(" ...
    <RPAREN> ...
    <ESCAPE_DIRECTIVE> ...
    <SET_DIRECTIVE> ...
    "##" ...
    "\\\\" ...
    "\\" ...
    <TEXT> ...
    "*#" ...
    "*#" ...
    "]]#" ...
    <STRING_LITERAL> ...
    <END> ...
    <IF_DIRECTIVE> ...
    <INTEGER_LITERAL> ...
    <FLOATING_POINT_LITERAL> ...
    <WORD> ...
    <BRACKETED_WORD> ...
    <IDENTIFIER> ...
    <DOT> ...
    "{" ...
    "}" ...
    <EMPTY_INDEX> ...
    
	at org.apache.velocity.runtime.parser.Parser.generateParseException(Parser.java:3679)
	at org.apache.velocity.runtime.parser.Parser.jj_consume_token(Parser.java:3558)
	at org.apache.velocity.runtime.parser.Parser.Directive(Parser.java:939)
	at org.apache.velocity.runtime.parser.Parser.Statement(Parser.java:379)
	at org.apache.velocity.runtime.parser.Parser.Directive(Parser.java:918)
	at org.apache.velocity.runtime.parser.Parser.Statement(Parser.java:379)
	at org.apache.velocity.runtime.parser.Parser.process(Parser.java:317)
	at org.apache.velocity.runtime.parser.Parser.parse(Parser.java:117)
	at org.apache.velocity.runtime.RuntimeInstance.parse(RuntimeInstance.java:1226)
	at org.apache.velocity.runtime.RuntimeInstance.parse(RuntimeInstance.java:1181)
	at org.apache.velocity.runtime.RuntimeInstance.evaluate(RuntimeInstance.java:1297)
	at org.apache.velocity.runtime.RuntimeInstance.evaluate(RuntimeInstance.java:1265)
	at org.apache.velocity.app.VelocityEngine.evaluate(VelocityEngine.java:199)
	at matthew.velocity.codegen.Templater.process(Templater.java:35)
	at matthew.main.TemplateProcessor.createRESTServices(TemplateProcessor.java:165)
	at matthew.main.TemplateProcessor.call(TemplateProcessor.java:56)
	at matthew.main.Main.main(Main.java:13)
	at sun.reflect.NativeMethodAccessorImpl.invoke0(Native Method)
	at sun.reflect.NativeMethodAccessorImpl.invoke(NativeMethodAccessorImpl.java:57)
	at sun.reflect.DelegatingMethodAccessorImpl.invoke(DelegatingMethodAccessorImpl.java:43)
	at java.lang.reflect.Method.invoke(Method.java:606)
	at com.intellij.rt.execution.application.AppMain.main(AppMain.java:120)
2014-04-21 20:33:30,732 - Parser Exception: matthew.velocity.codegen.Templater
org.apache.velocity.runtime.parser.ParseException: Encountered "<EOF>" at line 73, column 1.
Was expecting one of:
    "(" ...
    <RPAREN> ...
    <ESCAPE_DIRECTIVE> ...
    <SET_DIRECTIVE> ...
    "##" ...
    "\\\\" ...
    "\\" ...
    <TEXT> ...
    "*#" ...
    "*#" ...
    "]]#" ...
    <STRING_LITERAL> ...
    <END> ...
    <IF_DIRECTIVE> ...
    <INTEGER_LITERAL> ...
    <FLOATING_POINT_LITERAL> ...
    <WORD> ...
    <BRACKETED_WORD> ...
    <IDENTIFIER> ...
    <DOT> ...
    "{" ...
    "}" ...
    <EMPTY_INDEX> ...
    
	at org.apache.velocity.runtime.parser.Parser.generateParseException(Parser.java:3679)
	at org.apache.velocity.runtime.parser.Parser.jj_consume_token(Parser.java:3558)
	at org.apache.velocity.runtime.parser.Parser.Directive(Parser.java:939)
	at org.apache.velocity.runtime.parser.Parser.Statement(Parser.java:379)
	at org.apache.velocity.runtime.parser.Parser.Directive(Parser.java:918)
	at org.apache.velocity.runtime.parser.Parser.Statement(Parser.java:379)
	at org.apache.velocity.runtime.parser.Parser.process(Parser.java:317)
	at org.apache.velocity.runtime.parser.Parser.parse(Parser.java:117)
	at org.apache.velocity.runtime.RuntimeInstance.parse(RuntimeInstance.java:1226)
	at org.apache.velocity.runtime.RuntimeInstance.parse(RuntimeInstance.java:1181)
	at org.apache.velocity.runtime.RuntimeInstance.evaluate(RuntimeInstance.java:1297)
	at org.apache.velocity.runtime.RuntimeInstance.evaluate(RuntimeInstance.java:1265)
	at org.apache.velocity.app.VelocityEngine.evaluate(VelocityEngine.java:199)
	at matthew.velocity.codegen.Templater.process(Templater.java:35)
	at matthew.main.TemplateProcessor.createRESTServices(TemplateProcessor.java:165)
	at matthew.main.TemplateProcessor.call(TemplateProcessor.java:56)
	at matthew.main.Main.main(Main.java:13)
	at sun.reflect.NativeMethodAccessorImpl.invoke0(Native Method)
	at sun.reflect.NativeMethodAccessorImpl.invoke(NativeMethodAccessorImpl.java:57)
	at sun.reflect.DelegatingMethodAccessorImpl.invoke(DelegatingMethodAccessorImpl.java:43)
	at java.lang.reflect.Method.invoke(Method.java:606)
	at com.intellij.rt.execution.application.AppMain.main(AppMain.java:120)
2014-04-21 20:33:30,732 - Parser Exception: matthew.velocity.codegen.Templater
org.apache.velocity.runtime.parser.ParseException: Encountered "<EOF>" at line 73, column 1.
Was expecting one of:
    "(" ...
    <RPAREN> ...
    <ESCAPE_DIRECTIVE> ...
    <SET_DIRECTIVE> ...
    "##" ...
    "\\\\" ...
    "\\" ...
    <TEXT> ...
    "*#" ...
    "*#" ...
    "]]#" ...
    <STRING_LITERAL> ...
    <END> ...
    <IF_DIRECTIVE> ...
    <INTEGER_LITERAL> ...
    <FLOATING_POINT_LITERAL> ...
    <WORD> ...
    <BRACKETED_WORD> ...
    <IDENTIFIER> ...
    <DOT> ...
    "{" ...
    "}" ...
    <EMPTY_INDEX> ...
    
	at org.apache.velocity.runtime.parser.Parser.generateParseException(Parser.java:3679)
	at org.apache.velocity.runtime.parser.Parser.jj_consume_token(Parser.java:3558)
	at org.apache.velocity.runtime.parser.Parser.Directive(Parser.java:939)
	at org.apache.velocity.runtime.parser.Parser.Statement(Parser.java:379)
	at org.apache.velocity.runtime.parser.Parser.Directive(Parser.java:918)
	at org.apache.velocity.runtime.parser.Parser.Statement(Parser.java:379)
	at org.apache.velocity.runtime.parser.Parser.process(Parser.java:317)
	at org.apache.velocity.runtime.parser.Parser.parse(Parser.java:117)
	at org.apache.velocity.runtime.RuntimeInstance.parse(RuntimeInstance.java:1226)
	at org.apache.velocity.runtime.RuntimeInstance.parse(RuntimeInstance.java:1181)
	at org.apache.velocity.runtime.RuntimeInstance.evaluate(RuntimeInstance.java:1297)
	at org.apache.velocity.runtime.RuntimeInstance.evaluate(RuntimeInstance.java:1265)
	at org.apache.velocity.app.VelocityEngine.evaluate(VelocityEngine.java:199)
	at matthew.velocity.codegen.Templater.process(Templater.java:35)
	at matthew.main.TemplateProcessor.createRESTServices(TemplateProcessor.java:165)
	at matthew.main.TemplateProcessor.call(TemplateProcessor.java:56)
	at matthew.main.Main.main(Main.java:13)
	at sun.reflect.NativeMethodAccessorImpl.invoke0(Native Method)
	at sun.reflect.NativeMethodAccessorImpl.invoke(NativeMethodAccessorImpl.java:57)
	at sun.reflect.DelegatingMethodAccessorImpl.invoke(DelegatingMethodAccessorImpl.java:43)
	at java.lang.reflect.Method.invoke(Method.java:606)
	at com.intellij.rt.execution.application.AppMain.main(AppMain.java:120)
2014-04-21 20:33:30,732 - Parser Exception: matthew.velocity.codegen.Templater
org.apache.velocity.runtime.parser.ParseException: Encountered "<EOF>" at line 73, column 1.
Was expecting one of:
    "(" ...
    <RPAREN> ...
    <ESCAPE_DIRECTIVE> ...
    <SET_DIRECTIVE> ...
    "##" ...
    "\\\\" ...
    "\\" ...
    <TEXT> ...
    "*#" ...
    "*#" ...
    "]]#" ...
    <STRING_LITERAL> ...
    <END> ...
    <IF_DIRECTIVE> ...
    <INTEGER_LITERAL> ...
    <FLOATING_POINT_LITERAL> ...
    <WORD> ...
    <BRACKETED_WORD> ...
    <IDENTIFIER> ...
    <DOT> ...
    "{" ...
    "}" ...
    <EMPTY_INDEX> ...
    
	at org.apache.velocity.runtime.parser.Parser.generateParseException(Parser.java:3679)
	at org.apache.velocity.runtime.parser.Parser.jj_consume_token(Parser.java:3558)
	at org.apache.velocity.runtime.parser.Parser.Directive(Parser.java:939)
	at org.apache.velocity.runtime.parser.Parser.Statement(Parser.java:379)
	at org.apache.velocity.runtime.parser.Parser.Directive(Parser.java:918)
	at org.apache.velocity.runtime.parser.Parser.Statement(Parser.java:379)
	at org.apache.velocity.runtime.parser.Parser.process(Parser.java:317)
	at org.apache.velocity.runtime.parser.Parser.parse(Parser.java:117)
	at org.apache.velocity.runtime.RuntimeInstance.parse(RuntimeInstance.java:1226)
	at org.apache.velocity.runtime.RuntimeInstance.parse(RuntimeInstance.java:1181)
	at org.apache.velocity.runtime.RuntimeInstance.evaluate(RuntimeInstance.java:1297)
	at org.apache.velocity.runtime.RuntimeInstance.evaluate(RuntimeInstance.java:1265)
	at org.apache.velocity.app.VelocityEngine.evaluate(VelocityEngine.java:199)
	at matthew.velocity.codegen.Templater.process(Templater.java:35)
	at matthew.main.TemplateProcessor.createRESTServices(TemplateProcessor.java:165)
	at matthew.main.TemplateProcessor.call(TemplateProcessor.java:56)
	at matthew.main.Main.main(Main.java:13)
	at sun.reflect.NativeMethodAccessorImpl.invoke0(Native Method)
	at sun.reflect.NativeMethodAccessorImpl.invoke(NativeMethodAccessorImpl.java:57)
	at sun.reflect.DelegatingMethodAccessorImpl.invoke(DelegatingMethodAccessorImpl.java:43)
	at java.lang.reflect.Method.invoke(Method.java:606)
	at com.intellij.rt.execution.application.AppMain.main(AppMain.java:120)
2014-04-21 20:33:30,732 - Parser Exception: matthew.velocity.codegen.Templater
org.apache.velocity.runtime.parser.ParseException: Encountered "<EOF>" at line 73, column 1.
Was expecting one of:
    "(" ...
    <RPAREN> ...
    <ESCAPE_DIRECTIVE> ...
    <SET_DIRECTIVE> ...
    "##" ...
    "\\\\" ...
    "\\" ...
    <TEXT> ...
    "*#" ...
    "*#" ...
    "]]#" ...
    <STRING_LITERAL> ...
    <END> ...
    <IF_DIRECTIVE> ...
    <INTEGER_LITERAL> ...
    <FLOATING_POINT_LITERAL> ...
    <WORD> ...
    <BRACKETED_WORD> ...
    <IDENTIFIER> ...
    <DOT> ...
    "{" ...
    "}" ...
    <EMPTY_INDEX> ...
    
	at org.apache.velocity.runtime.parser.Parser.generateParseException(Parser.java:3679)
	at org.apache.velocity.runtime.parser.Parser.jj_consume_token(Parser.java:3558)
	at org.apache.velocity.runtime.parser.Parser.Directive(Parser.java:939)
	at org.apache.velocity.runtime.parser.Parser.Statement(Parser.java:379)
	at org.apache.velocity.runtime.parser.Parser.Directive(Parser.java:918)
	at org.apache.velocity.runtime.parser.Parser.Statement(Parser.java:379)
	at org.apache.velocity.runtime.parser.Parser.process(Parser.java:317)
	at org.apache.velocity.runtime.parser.Parser.parse(Parser.java:117)
	at org.apache.velocity.runtime.RuntimeInstance.parse(RuntimeInstance.java:1226)
	at org.apache.velocity.runtime.RuntimeInstance.parse(RuntimeInstance.java:1181)
	at org.apache.velocity.runtime.RuntimeInstance.evaluate(RuntimeInstance.java:1297)
	at org.apache.velocity.runtime.RuntimeInstance.evaluate(RuntimeInstance.java:1265)
	at org.apache.velocity.app.VelocityEngine.evaluate(VelocityEngine.java:199)
	at matthew.velocity.codegen.Templater.process(Templater.java:35)
	at matthew.main.TemplateProcessor.createRESTServices(TemplateProcessor.java:165)
	at matthew.main.TemplateProcessor.call(TemplateProcessor.java:56)
	at matthew.main.Main.main(Main.java:13)
	at sun.reflect.NativeMethodAccessorImpl.invoke0(Native Method)
	at sun.reflect.NativeMethodAccessorImpl.invoke(NativeMethodAccessorImpl.java:57)
	at sun.reflect.DelegatingMethodAccessorImpl.invoke(DelegatingMethodAccessorImpl.java:43)
	at java.lang.reflect.Method.invoke(Method.java:606)
	at com.intellij.rt.execution.application.AppMain.main(AppMain.java:120)
2014-04-21 20:33:30,732 - Parser Exception: matthew.velocity.codegen.Templater
org.apache.velocity.runtime.parser.ParseException: Encountered "<EOF>" at line 73, column 1.
Was expecting one of:
    "(" ...
    <RPAREN> ...
    <ESCAPE_DIRECTIVE> ...
    <SET_DIRECTIVE> ...
    "##" ...
    "\\\\" ...
    "\\" ...
    <TEXT> ...
    "*#" ...
    "*#" ...
    "]]#" ...
    <STRING_LITERAL> ...
    <END> ...
    <IF_DIRECTIVE> ...
    <INTEGER_LITERAL> ...
    <FLOATING_POINT_LITERAL> ...
    <WORD> ...
    <BRACKETED_WORD> ...
    <IDENTIFIER> ...
    <DOT> ...
    "{" ...
    "}" ...
    <EMPTY_INDEX> ...
    
	at org.apache.velocity.runtime.parser.Parser.generateParseException(Parser.java:3679)
	at org.apache.velocity.runtime.parser.Parser.jj_consume_token(Parser.java:3558)
	at org.apache.velocity.runtime.parser.Parser.Directive(Parser.java:939)
	at org.apache.velocity.runtime.parser.Parser.Statement(Parser.java:379)
	at org.apache.velocity.runtime.parser.Parser.Directive(Parser.java:918)
	at org.apache.velocity.runtime.parser.Parser.Statement(Parser.java:379)
	at org.apache.velocity.runtime.parser.Parser.process(Parser.java:317)
	at org.apache.velocity.runtime.parser.Parser.parse(Parser.java:117)
	at org.apache.velocity.runtime.RuntimeInstance.parse(RuntimeInstance.java:1226)
	at org.apache.velocity.runtime.RuntimeInstance.parse(RuntimeInstance.java:1181)
	at org.apache.velocity.runtime.RuntimeInstance.evaluate(RuntimeInstance.java:1297)
	at org.apache.velocity.runtime.RuntimeInstance.evaluate(RuntimeInstance.java:1265)
	at org.apache.velocity.app.VelocityEngine.evaluate(VelocityEngine.java:199)
	at matthew.velocity.codegen.Templater.process(Templater.java:35)
	at matthew.main.TemplateProcessor.createRESTServices(TemplateProcessor.java:165)
	at matthew.main.TemplateProcessor.call(TemplateProcessor.java:56)
	at matthew.main.Main.main(Main.java:13)
	at sun.reflect.NativeMethodAccessorImpl.invoke0(Native Method)
	at sun.reflect.NativeMethodAccessorImpl.invoke(NativeMethodAccessorImpl.java:57)
	at sun.reflect.DelegatingMethodAccessorImpl.invoke(DelegatingMethodAccessorImpl.java:43)
	at java.lang.reflect.Method.invoke(Method.java:606)
	at com.intellij.rt.execution.application.AppMain.main(AppMain.java:120)
2014-04-21 20:33:30,732 - Parser Exception: matthew.velocity.codegen.Templater
org.apache.velocity.runtime.parser.ParseException: Encountered "<EOF>" at line 73, column 1.
Was expecting one of:
    "(" ...
    <RPAREN> ...
    <ESCAPE_DIRECTIVE> ...
    <SET_DIRECTIVE> ...
    "##" ...
    "\\\\" ...
    "\\" ...
    <TEXT> ...
    "*#" ...
    "*#" ...
    "]]#" ...
    <STRING_LITERAL> ...
    <END> ...
    <IF_DIRECTIVE> ...
    <INTEGER_LITERAL> ...
    <FLOATING_POINT_LITERAL> ...
    <WORD> ...
    <BRACKETED_WORD> ...
    <IDENTIFIER> ...
    <DOT> ...
    "{" ...
    "}" ...
    <EMPTY_INDEX> ...
    
	at org.apache.velocity.runtime.parser.Parser.generateParseException(Parser.java:3679)
	at org.apache.velocity.runtime.parser.Parser.jj_consume_token(Parser.java:3558)
	at org.apache.velocity.runtime.parser.Parser.Directive(Parser.java:939)
	at org.apache.velocity.runtime.parser.Parser.Statement(Parser.java:379)
	at org.apache.velocity.runtime.parser.Parser.Directive(Parser.java:918)
	at org.apache.velocity.runtime.parser.Parser.Statement(Parser.java:379)
	at org.apache.velocity.runtime.parser.Parser.process(Parser.java:317)
	at org.apache.velocity.runtime.parser.Parser.parse(Parser.java:117)
	at org.apache.velocity.runtime.RuntimeInstance.parse(RuntimeInstance.java:1226)
	at org.apache.velocity.runtime.RuntimeInstance.parse(RuntimeInstance.java:1181)
	at org.apache.velocity.runtime.RuntimeInstance.evaluate(RuntimeInstance.java:1297)
	at org.apache.velocity.runtime.RuntimeInstance.evaluate(RuntimeInstance.java:1265)
	at org.apache.velocity.app.VelocityEngine.evaluate(VelocityEngine.java:199)
	at matthew.velocity.codegen.Templater.process(Templater.java:35)
	at matthew.main.TemplateProcessor.createRESTServices(TemplateProcessor.java:165)
	at matthew.main.TemplateProcessor.call(TemplateProcessor.java:56)
	at matthew.main.Main.main(Main.java:13)
	at sun.reflect.NativeMethodAccessorImpl.invoke0(Native Method)
	at sun.reflect.NativeMethodAccessorImpl.invoke(NativeMethodAccessorImpl.java:57)
	at sun.reflect.DelegatingMethodAccessorImpl.invoke(DelegatingMethodAccessorImpl.java:43)
	at java.lang.reflect.Method.invoke(Method.java:606)
	at com.intellij.rt.execution.application.AppMain.main(AppMain.java:120)
2014-04-21 20:37:40,698 - Parser Exception: matthew.velocity.codegen.Templater
org.apache.velocity.runtime.parser.ParseException: Encountered "<EOF>" at line 73, column 1.
Was expecting one of:
    "(" ...
    <RPAREN> ...
    <ESCAPE_DIRECTIVE> ...
    <SET_DIRECTIVE> ...
    "##" ...
    "\\\\" ...
    "\\" ...
    <TEXT> ...
    "*#" ...
    "*#" ...
    "]]#" ...
    <STRING_LITERAL> ...
    <END> ...
    <IF_DIRECTIVE> ...
    <INTEGER_LITERAL> ...
    <FLOATING_POINT_LITERAL> ...
    <WORD> ...
    <BRACKETED_WORD> ...
    <IDENTIFIER> ...
    <DOT> ...
    "{" ...
    "}" ...
    <EMPTY_INDEX> ...
    
	at org.apache.velocity.runtime.parser.Parser.generateParseException(Parser.java:3679)
	at org.apache.velocity.runtime.parser.Parser.jj_consume_token(Parser.java:3558)
	at org.apache.velocity.runtime.parser.Parser.Directive(Parser.java:939)
	at org.apache.velocity.runtime.parser.Parser.Statement(Parser.java:379)
	at org.apache.velocity.runtime.parser.Parser.Directive(Parser.java:918)
	at org.apache.velocity.runtime.parser.Parser.Statement(Parser.java:379)
	at org.apache.velocity.runtime.parser.Parser.process(Parser.java:317)
	at org.apache.velocity.runtime.parser.Parser.parse(Parser.java:117)
	at org.apache.velocity.runtime.RuntimeInstance.parse(RuntimeInstance.java:1226)
	at org.apache.velocity.runtime.RuntimeInstance.parse(RuntimeInstance.java:1181)
	at org.apache.velocity.runtime.RuntimeInstance.evaluate(RuntimeInstance.java:1297)
	at org.apache.velocity.runtime.RuntimeInstance.evaluate(RuntimeInstance.java:1265)
	at org.apache.velocity.app.VelocityEngine.evaluate(VelocityEngine.java:199)
	at matthew.velocity.codegen.Templater.process(Templater.java:35)
	at matthew.main.TemplateProcessor.createRESTServices(TemplateProcessor.java:165)
	at matthew.main.TemplateProcessor.call(TemplateProcessor.java:56)
	at matthew.main.Main.main(Main.java:13)
	at sun.reflect.NativeMethodAccessorImpl.invoke0(Native Method)
	at sun.reflect.NativeMethodAccessorImpl.invoke(NativeMethodAccessorImpl.java:57)
	at sun.reflect.DelegatingMethodAccessorImpl.invoke(DelegatingMethodAccessorImpl.java:43)
	at java.lang.reflect.Method.invoke(Method.java:606)
	at com.intellij.rt.execution.application.AppMain.main(AppMain.java:120)
2014-04-21 20:37:40,698 - Parser Exception: matthew.velocity.codegen.Templater
org.apache.velocity.runtime.parser.ParseException: Encountered "<EOF>" at line 73, column 1.
Was expecting one of:
    "(" ...
    <RPAREN> ...
    <ESCAPE_DIRECTIVE> ...
    <SET_DIRECTIVE> ...
    "##" ...
    "\\\\" ...
    "\\" ...
    <TEXT> ...
    "*#" ...
    "*#" ...
    "]]#" ...
    <STRING_LITERAL> ...
    <END> ...
    <IF_DIRECTIVE> ...
    <INTEGER_LITERAL> ...
    <FLOATING_POINT_LITERAL> ...
    <WORD> ...
    <BRACKETED_WORD> ...
    <IDENTIFIER> ...
    <DOT> ...
    "{" ...
    "}" ...
    <EMPTY_INDEX> ...
    
	at org.apache.velocity.runtime.parser.Parser.generateParseException(Parser.java:3679)
	at org.apache.velocity.runtime.parser.Parser.jj_consume_token(Parser.java:3558)
	at org.apache.velocity.runtime.parser.Parser.Directive(Parser.java:939)
	at org.apache.velocity.runtime.parser.Parser.Statement(Parser.java:379)
	at org.apache.velocity.runtime.parser.Parser.Directive(Parser.java:918)
	at org.apache.velocity.runtime.parser.Parser.Statement(Parser.java:379)
	at org.apache.velocity.runtime.parser.Parser.process(Parser.java:317)
	at org.apache.velocity.runtime.parser.Parser.parse(Parser.java:117)
	at org.apache.velocity.runtime.RuntimeInstance.parse(RuntimeInstance.java:1226)
	at org.apache.velocity.runtime.RuntimeInstance.parse(RuntimeInstance.java:1181)
	at org.apache.velocity.runtime.RuntimeInstance.evaluate(RuntimeInstance.java:1297)
	at org.apache.velocity.runtime.RuntimeInstance.evaluate(RuntimeInstance.java:1265)
	at org.apache.velocity.app.VelocityEngine.evaluate(VelocityEngine.java:199)
	at matthew.velocity.codegen.Templater.process(Templater.java:35)
	at matthew.main.TemplateProcessor.createRESTServices(TemplateProcessor.java:165)
	at matthew.main.TemplateProcessor.call(TemplateProcessor.java:56)
	at matthew.main.Main.main(Main.java:13)
	at sun.reflect.NativeMethodAccessorImpl.invoke0(Native Method)
	at sun.reflect.NativeMethodAccessorImpl.invoke(NativeMethodAccessorImpl.java:57)
	at sun.reflect.DelegatingMethodAccessorImpl.invoke(DelegatingMethodAccessorImpl.java:43)
	at java.lang.reflect.Method.invoke(Method.java:606)
	at com.intellij.rt.execution.application.AppMain.main(AppMain.java:120)
2014-04-21 20:37:40,698 - Parser Exception: matthew.velocity.codegen.Templater
org.apache.velocity.runtime.parser.ParseException: Encountered "<EOF>" at line 73, column 1.
Was expecting one of:
    "(" ...
    <RPAREN> ...
    <ESCAPE_DIRECTIVE> ...
    <SET_DIRECTIVE> ...
    "##" ...
    "\\\\" ...
    "\\" ...
    <TEXT> ...
    "*#" ...
    "*#" ...
    "]]#" ...
    <STRING_LITERAL> ...
    <END> ...
    <IF_DIRECTIVE> ...
    <INTEGER_LITERAL> ...
    <FLOATING_POINT_LITERAL> ...
    <WORD> ...
    <BRACKETED_WORD> ...
    <IDENTIFIER> ...
    <DOT> ...
    "{" ...
    "}" ...
    <EMPTY_INDEX> ...
    
	at org.apache.velocity.runtime.parser.Parser.generateParseException(Parser.java:3679)
	at org.apache.velocity.runtime.parser.Parser.jj_consume_token(Parser.java:3558)
	at org.apache.velocity.runtime.parser.Parser.Directive(Parser.java:939)
	at org.apache.velocity.runtime.parser.Parser.Statement(Parser.java:379)
	at org.apache.velocity.runtime.parser.Parser.Directive(Parser.java:918)
	at org.apache.velocity.runtime.parser.Parser.Statement(Parser.java:379)
	at org.apache.velocity.runtime.parser.Parser.process(Parser.java:317)
	at org.apache.velocity.runtime.parser.Parser.parse(Parser.java:117)
	at org.apache.velocity.runtime.RuntimeInstance.parse(RuntimeInstance.java:1226)
	at org.apache.velocity.runtime.RuntimeInstance.parse(RuntimeInstance.java:1181)
	at org.apache.velocity.runtime.RuntimeInstance.evaluate(RuntimeInstance.java:1297)
	at org.apache.velocity.runtime.RuntimeInstance.evaluate(RuntimeInstance.java:1265)
	at org.apache.velocity.app.VelocityEngine.evaluate(VelocityEngine.java:199)
	at matthew.velocity.codegen.Templater.process(Templater.java:35)
	at matthew.main.TemplateProcessor.createRESTServices(TemplateProcessor.java:165)
	at matthew.main.TemplateProcessor.call(TemplateProcessor.java:56)
	at matthew.main.Main.main(Main.java:13)
	at sun.reflect.NativeMethodAccessorImpl.invoke0(Native Method)
	at sun.reflect.NativeMethodAccessorImpl.invoke(NativeMethodAccessorImpl.java:57)
	at sun.reflect.DelegatingMethodAccessorImpl.invoke(DelegatingMethodAccessorImpl.java:43)
	at java.lang.reflect.Method.invoke(Method.java:606)
	at com.intellij.rt.execution.application.AppMain.main(AppMain.java:120)
2014-04-21 20:37:40,698 - Parser Exception: matthew.velocity.codegen.Templater
org.apache.velocity.runtime.parser.ParseException: Encountered "<EOF>" at line 73, column 1.
Was expecting one of:
    "(" ...
    <RPAREN> ...
    <ESCAPE_DIRECTIVE> ...
    <SET_DIRECTIVE> ...
    "##" ...
    "\\\\" ...
    "\\" ...
    <TEXT> ...
    "*#" ...
    "*#" ...
    "]]#" ...
    <STRING_LITERAL> ...
    <END> ...
    <IF_DIRECTIVE> ...
    <INTEGER_LITERAL> ...
    <FLOATING_POINT_LITERAL> ...
    <WORD> ...
    <BRACKETED_WORD> ...
    <IDENTIFIER> ...
    <DOT> ...
    "{" ...
    "}" ...
    <EMPTY_INDEX> ...
    
	at org.apache.velocity.runtime.parser.Parser.generateParseException(Parser.java:3679)
	at org.apache.velocity.runtime.parser.Parser.jj_consume_token(Parser.java:3558)
	at org.apache.velocity.runtime.parser.Parser.Directive(Parser.java:939)
	at org.apache.velocity.runtime.parser.Parser.Statement(Parser.java:379)
	at org.apache.velocity.runtime.parser.Parser.Directive(Parser.java:918)
	at org.apache.velocity.runtime.parser.Parser.Statement(Parser.java:379)
	at org.apache.velocity.runtime.parser.Parser.process(Parser.java:317)
	at org.apache.velocity.runtime.parser.Parser.parse(Parser.java:117)
	at org.apache.velocity.runtime.RuntimeInstance.parse(RuntimeInstance.java:1226)
	at org.apache.velocity.runtime.RuntimeInstance.parse(RuntimeInstance.java:1181)
	at org.apache.velocity.runtime.RuntimeInstance.evaluate(RuntimeInstance.java:1297)
	at org.apache.velocity.runtime.RuntimeInstance.evaluate(RuntimeInstance.java:1265)
	at org.apache.velocity.app.VelocityEngine.evaluate(VelocityEngine.java:199)
	at matthew.velocity.codegen.Templater.process(Templater.java:35)
	at matthew.main.TemplateProcessor.createRESTServices(TemplateProcessor.java:165)
	at matthew.main.TemplateProcessor.call(TemplateProcessor.java:56)
	at matthew.main.Main.main(Main.java:13)
	at sun.reflect.NativeMethodAccessorImpl.invoke0(Native Method)
	at sun.reflect.NativeMethodAccessorImpl.invoke(NativeMethodAccessorImpl.java:57)
	at sun.reflect.DelegatingMethodAccessorImpl.invoke(DelegatingMethodAccessorImpl.java:43)
	at java.lang.reflect.Method.invoke(Method.java:606)
	at com.intellij.rt.execution.application.AppMain.main(AppMain.java:120)
2014-04-21 20:37:40,698 - Parser Exception: matthew.velocity.codegen.Templater
org.apache.velocity.runtime.parser.ParseException: Encountered "<EOF>" at line 73, column 1.
Was expecting one of:
    "(" ...
    <RPAREN> ...
    <ESCAPE_DIRECTIVE> ...
    <SET_DIRECTIVE> ...
    "##" ...
    "\\\\" ...
    "\\" ...
    <TEXT> ...
    "*#" ...
    "*#" ...
    "]]#" ...
    <STRING_LITERAL> ...
    <END> ...
    <IF_DIRECTIVE> ...
    <INTEGER_LITERAL> ...
    <FLOATING_POINT_LITERAL> ...
    <WORD> ...
    <BRACKETED_WORD> ...
    <IDENTIFIER> ...
    <DOT> ...
    "{" ...
    "}" ...
    <EMPTY_INDEX> ...
    
	at org.apache.velocity.runtime.parser.Parser.generateParseException(Parser.java:3679)
	at org.apache.velocity.runtime.parser.Parser.jj_consume_token(Parser.java:3558)
	at org.apache.velocity.runtime.parser.Parser.Directive(Parser.java:939)
	at org.apache.velocity.runtime.parser.Parser.Statement(Parser.java:379)
	at org.apache.velocity.runtime.parser.Parser.Directive(Parser.java:918)
	at org.apache.velocity.runtime.parser.Parser.Statement(Parser.java:379)
	at org.apache.velocity.runtime.parser.Parser.process(Parser.java:317)
	at org.apache.velocity.runtime.parser.Parser.parse(Parser.java:117)
	at org.apache.velocity.runtime.RuntimeInstance.parse(RuntimeInstance.java:1226)
	at org.apache.velocity.runtime.RuntimeInstance.parse(RuntimeInstance.java:1181)
	at org.apache.velocity.runtime.RuntimeInstance.evaluate(RuntimeInstance.java:1297)
	at org.apache.velocity.runtime.RuntimeInstance.evaluate(RuntimeInstance.java:1265)
	at org.apache.velocity.app.VelocityEngine.evaluate(VelocityEngine.java:199)
	at matthew.velocity.codegen.Templater.process(Templater.java:35)
	at matthew.main.TemplateProcessor.createRESTServices(TemplateProcessor.java:165)
	at matthew.main.TemplateProcessor.call(TemplateProcessor.java:56)
	at matthew.main.Main.main(Main.java:13)
	at sun.reflect.NativeMethodAccessorImpl.invoke0(Native Method)
	at sun.reflect.NativeMethodAccessorImpl.invoke(NativeMethodAccessorImpl.java:57)
	at sun.reflect.DelegatingMethodAccessorImpl.invoke(DelegatingMethodAccessorImpl.java:43)
	at java.lang.reflect.Method.invoke(Method.java:606)
	at com.intellij.rt.execution.application.AppMain.main(AppMain.java:120)
2014-04-21 20:37:40,698 - Parser Exception: matthew.velocity.codegen.Templater
org.apache.velocity.runtime.parser.ParseException: Encountered "<EOF>" at line 73, column 1.
Was expecting one of:
    "(" ...
    <RPAREN> ...
    <ESCAPE_DIRECTIVE> ...
    <SET_DIRECTIVE> ...
    "##" ...
    "\\\\" ...
    "\\" ...
    <TEXT> ...
    "*#" ...
    "*#" ...
    "]]#" ...
    <STRING_LITERAL> ...
    <END> ...
    <IF_DIRECTIVE> ...
    <INTEGER_LITERAL> ...
    <FLOATING_POINT_LITERAL> ...
    <WORD> ...
    <BRACKETED_WORD> ...
    <IDENTIFIER> ...
    <DOT> ...
    "{" ...
    "}" ...
    <EMPTY_INDEX> ...
    
	at org.apache.velocity.runtime.parser.Parser.generateParseException(Parser.java:3679)
	at org.apache.velocity.runtime.parser.Parser.jj_consume_token(Parser.java:3558)
	at org.apache.velocity.runtime.parser.Parser.Directive(Parser.java:939)
	at org.apache.velocity.runtime.parser.Parser.Statement(Parser.java:379)
	at org.apache.velocity.runtime.parser.Parser.Directive(Parser.java:918)
	at org.apache.velocity.runtime.parser.Parser.Statement(Parser.java:379)
	at org.apache.velocity.runtime.parser.Parser.process(Parser.java:317)
	at org.apache.velocity.runtime.parser.Parser.parse(Parser.java:117)
	at org.apache.velocity.runtime.RuntimeInstance.parse(RuntimeInstance.java:1226)
	at org.apache.velocity.runtime.RuntimeInstance.parse(RuntimeInstance.java:1181)
	at org.apache.velocity.runtime.RuntimeInstance.evaluate(RuntimeInstance.java:1297)
	at org.apache.velocity.runtime.RuntimeInstance.evaluate(RuntimeInstance.java:1265)
	at org.apache.velocity.app.VelocityEngine.evaluate(VelocityEngine.java:199)
	at matthew.velocity.codegen.Templater.process(Templater.java:35)
	at matthew.main.TemplateProcessor.createRESTServices(TemplateProcessor.java:165)
	at matthew.main.TemplateProcessor.call(TemplateProcessor.java:56)
	at matthew.main.Main.main(Main.java:13)
	at sun.reflect.NativeMethodAccessorImpl.invoke0(Native Method)
	at sun.reflect.NativeMethodAccessorImpl.invoke(NativeMethodAccessorImpl.java:57)
	at sun.reflect.DelegatingMethodAccessorImpl.invoke(DelegatingMethodAccessorImpl.java:43)
	at java.lang.reflect.Method.invoke(Method.java:606)
	at com.intellij.rt.execution.application.AppMain.main(AppMain.java:120)
2014-04-21 20:37:40,698 - Parser Exception: matthew.velocity.codegen.Templater
org.apache.velocity.runtime.parser.ParseException: Encountered "<EOF>" at line 73, column 1.
Was expecting one of:
    "(" ...
    <RPAREN> ...
    <ESCAPE_DIRECTIVE> ...
    <SET_DIRECTIVE> ...
    "##" ...
    "\\\\" ...
    "\\" ...
    <TEXT> ...
    "*#" ...
    "*#" ...
    "]]#" ...
    <STRING_LITERAL> ...
    <END> ...
    <IF_DIRECTIVE> ...
    <INTEGER_LITERAL> ...
    <FLOATING_POINT_LITERAL> ...
    <WORD> ...
    <BRACKETED_WORD> ...
    <IDENTIFIER> ...
    <DOT> ...
    "{" ...
    "}" ...
    <EMPTY_INDEX> ...
    
	at org.apache.velocity.runtime.parser.Parser.generateParseException(Parser.java:3679)
	at org.apache.velocity.runtime.parser.Parser.jj_consume_token(Parser.java:3558)
	at org.apache.velocity.runtime.parser.Parser.Directive(Parser.java:939)
	at org.apache.velocity.runtime.parser.Parser.Statement(Parser.java:379)
	at org.apache.velocity.runtime.parser.Parser.Directive(Parser.java:918)
	at org.apache.velocity.runtime.parser.Parser.Statement(Parser.java:379)
	at org.apache.velocity.runtime.parser.Parser.process(Parser.java:317)
	at org.apache.velocity.runtime.parser.Parser.parse(Parser.java:117)
	at org.apache.velocity.runtime.RuntimeInstance.parse(RuntimeInstance.java:1226)
	at org.apache.velocity.runtime.RuntimeInstance.parse(RuntimeInstance.java:1181)
	at org.apache.velocity.runtime.RuntimeInstance.evaluate(RuntimeInstance.java:1297)
	at org.apache.velocity.runtime.RuntimeInstance.evaluate(RuntimeInstance.java:1265)
	at org.apache.velocity.app.VelocityEngine.evaluate(VelocityEngine.java:199)
	at matthew.velocity.codegen.Templater.process(Templater.java:35)
	at matthew.main.TemplateProcessor.createRESTServices(TemplateProcessor.java:165)
	at matthew.main.TemplateProcessor.call(TemplateProcessor.java:56)
	at matthew.main.Main.main(Main.java:13)
	at sun.reflect.NativeMethodAccessorImpl.invoke0(Native Method)
	at sun.reflect.NativeMethodAccessorImpl.invoke(NativeMethodAccessorImpl.java:57)
	at sun.reflect.DelegatingMethodAccessorImpl.invoke(DelegatingMethodAccessorImpl.java:43)
	at java.lang.reflect.Method.invoke(Method.java:606)
	at com.intellij.rt.execution.application.AppMain.main(AppMain.java:120)
2014-04-23 21:51:59,418 - Parser Exception: matthew.velocity.codegen.Templater
org.apache.velocity.runtime.parser.ParseException: Encountered "#end\n" at line 67, column 1.
Was expecting one of:
    <EOF> 
    "(" ...
    <RPAREN> ...
    <ESCAPE_DIRECTIVE> ...
    <SET_DIRECTIVE> ...
    "##" ...
    "\\\\" ...
    "\\" ...
    <TEXT> ...
    "*#" ...
    "*#" ...
    "]]#" ...
    <STRING_LITERAL> ...
    <IF_DIRECTIVE> ...
    <INTEGER_LITERAL> ...
    <FLOATING_POINT_LITERAL> ...
    <WORD> ...
    <BRACKETED_WORD> ...
    <IDENTIFIER> ...
    <DOT> ...
    "{" ...
    "}" ...
    <EMPTY_INDEX> ...
    
	at org.apache.velocity.runtime.parser.Parser.generateParseException(Parser.java:3679)
	at org.apache.velocity.runtime.parser.Parser.jj_consume_token(Parser.java:3558)
	at org.apache.velocity.runtime.parser.Parser.process(Parser.java:319)
	at org.apache.velocity.runtime.parser.Parser.parse(Parser.java:117)
	at org.apache.velocity.runtime.RuntimeInstance.parse(RuntimeInstance.java:1226)
	at org.apache.velocity.runtime.RuntimeInstance.parse(RuntimeInstance.java:1181)
	at org.apache.velocity.runtime.RuntimeInstance.evaluate(RuntimeInstance.java:1297)
	at org.apache.velocity.runtime.RuntimeInstance.evaluate(RuntimeInstance.java:1265)
	at org.apache.velocity.app.VelocityEngine.evaluate(VelocityEngine.java:199)
	at matthew.velocity.codegen.Templater.process(Templater.java:35)
	at matthew.main.TemplateProcessor.createThymeleafEntitiesPage(TemplateProcessor.java:290)
	at matthew.main.TemplateProcessor.call(TemplateProcessor.java:60)
	at matthew.main.Main.main(Main.java:13)
	at sun.reflect.NativeMethodAccessorImpl.invoke0(Native Method)
	at sun.reflect.NativeMethodAccessorImpl.invoke(NativeMethodAccessorImpl.java:57)
	at sun.reflect.DelegatingMethodAccessorImpl.invoke(DelegatingMethodAccessorImpl.java:43)
	at java.lang.reflect.Method.invoke(Method.java:606)
	at com.intellij.rt.execution.application.AppMain.main(AppMain.java:134)
2014-04-23 21:51:59,418 - Parser Exception: matthew.velocity.codegen.Templater
org.apache.velocity.runtime.parser.ParseException: Encountered "#end\n" at line 67, column 1.
Was expecting one of:
    <EOF> 
    "(" ...
    <RPAREN> ...
    <ESCAPE_DIRECTIVE> ...
    <SET_DIRECTIVE> ...
    "##" ...
    "\\\\" ...
    "\\" ...
    <TEXT> ...
    "*#" ...
    "*#" ...
    "]]#" ...
    <STRING_LITERAL> ...
    <IF_DIRECTIVE> ...
    <INTEGER_LITERAL> ...
    <FLOATING_POINT_LITERAL> ...
    <WORD> ...
    <BRACKETED_WORD> ...
    <IDENTIFIER> ...
    <DOT> ...
    "{" ...
    "}" ...
    <EMPTY_INDEX> ...
    
	at org.apache.velocity.runtime.parser.Parser.generateParseException(Parser.java:3679)
	at org.apache.velocity.runtime.parser.Parser.jj_consume_token(Parser.java:3558)
	at org.apache.velocity.runtime.parser.Parser.process(Parser.java:319)
	at org.apache.velocity.runtime.parser.Parser.parse(Parser.java:117)
	at org.apache.velocity.runtime.RuntimeInstance.parse(RuntimeInstance.java:1226)
	at org.apache.velocity.runtime.RuntimeInstance.parse(RuntimeInstance.java:1181)
	at org.apache.velocity.runtime.RuntimeInstance.evaluate(RuntimeInstance.java:1297)
	at org.apache.velocity.runtime.RuntimeInstance.evaluate(RuntimeInstance.java:1265)
	at org.apache.velocity.app.VelocityEngine.evaluate(VelocityEngine.java:199)
	at matthew.velocity.codegen.Templater.process(Templater.java:35)
	at matthew.main.TemplateProcessor.createThymeleafEntitiesPage(TemplateProcessor.java:290)
	at matthew.main.TemplateProcessor.call(TemplateProcessor.java:60)
	at matthew.main.Main.main(Main.java:13)
	at sun.reflect.NativeMethodAccessorImpl.invoke0(Native Method)
	at sun.reflect.NativeMethodAccessorImpl.invoke(NativeMethodAccessorImpl.java:57)
	at sun.reflect.DelegatingMethodAccessorImpl.invoke(DelegatingMethodAccessorImpl.java:43)
	at java.lang.reflect.Method.invoke(Method.java:606)
	at com.intellij.rt.execution.application.AppMain.main(AppMain.java:134)
2014-04-23 21:51:59,418 - Parser Exception: matthew.velocity.codegen.Templater
org.apache.velocity.runtime.parser.ParseException: Encountered "#end\n" at line 67, column 1.
Was expecting one of:
    <EOF> 
    "(" ...
    <RPAREN> ...
    <ESCAPE_DIRECTIVE> ...
    <SET_DIRECTIVE> ...
    "##" ...
    "\\\\" ...
    "\\" ...
    <TEXT> ...
    "*#" ...
    "*#" ...
    "]]#" ...
    <STRING_LITERAL> ...
    <IF_DIRECTIVE> ...
    <INTEGER_LITERAL> ...
    <FLOATING_POINT_LITERAL> ...
    <WORD> ...
    <BRACKETED_WORD> ...
    <IDENTIFIER> ...
    <DOT> ...
    "{" ...
    "}" ...
    <EMPTY_INDEX> ...
    
	at org.apache.velocity.runtime.parser.Parser.generateParseException(Parser.java:3679)
	at org.apache.velocity.runtime.parser.Parser.jj_consume_token(Parser.java:3558)
	at org.apache.velocity.runtime.parser.Parser.process(Parser.java:319)
	at org.apache.velocity.runtime.parser.Parser.parse(Parser.java:117)
	at org.apache.velocity.runtime.RuntimeInstance.parse(RuntimeInstance.java:1226)
	at org.apache.velocity.runtime.RuntimeInstance.parse(RuntimeInstance.java:1181)
	at org.apache.velocity.runtime.RuntimeInstance.evaluate(RuntimeInstance.java:1297)
	at org.apache.velocity.runtime.RuntimeInstance.evaluate(RuntimeInstance.java:1265)
	at org.apache.velocity.app.VelocityEngine.evaluate(VelocityEngine.java:199)
	at matthew.velocity.codegen.Templater.process(Templater.java:35)
	at matthew.main.TemplateProcessor.createThymeleafEntitiesPage(TemplateProcessor.java:290)
	at matthew.main.TemplateProcessor.call(TemplateProcessor.java:60)
	at matthew.main.Main.main(Main.java:13)
	at sun.reflect.NativeMethodAccessorImpl.invoke0(Native Method)
	at sun.reflect.NativeMethodAccessorImpl.invoke(NativeMethodAccessorImpl.java:57)
	at sun.reflect.DelegatingMethodAccessorImpl.invoke(DelegatingMethodAccessorImpl.java:43)
	at java.lang.reflect.Method.invoke(Method.java:606)
	at com.intellij.rt.execution.application.AppMain.main(AppMain.java:134)
2014-04-23 22:12:06,853 - Parser Exception: matthew.velocity.codegen.Templater
org.apache.velocity.runtime.parser.ParseException: Encountered "." at line 61, column 82.
Was expecting one of:
    "[" ...
    "}" ...
    
	at org.apache.velocity.runtime.parser.Parser.generateParseException(Parser.java:3679)
	at org.apache.velocity.runtime.parser.Parser.jj_consume_token(Parser.java:3558)
	at org.apache.velocity.runtime.parser.Parser.Reference(Parser.java:1521)
	at org.apache.velocity.runtime.parser.Parser.Statement(Parser.java:357)
	at org.apache.velocity.runtime.parser.Parser.ElseIfStatement(Parser.java:1899)
	at org.apache.velocity.runtime.parser.Parser.IfStatement(Parser.java:1717)
	at org.apache.velocity.runtime.parser.Parser.Statement(Parser.java:352)
	at org.apache.velocity.runtime.parser.Parser.IfStatement(Parser.java:1692)
	at org.apache.velocity.runtime.parser.Parser.Statement(Parser.java:352)
	at org.apache.velocity.runtime.parser.Parser.Directive(Parser.java:918)
	at org.apache.velocity.runtime.parser.Parser.Statement(Parser.java:379)
	at org.apache.velocity.runtime.parser.Parser.process(Parser.java:317)
	at org.apache.velocity.runtime.parser.Parser.parse(Parser.java:117)
	at org.apache.velocity.runtime.RuntimeInstance.parse(RuntimeInstance.java:1226)
	at org.apache.velocity.runtime.RuntimeInstance.parse(RuntimeInstance.java:1181)
	at org.apache.velocity.runtime.RuntimeInstance.evaluate(RuntimeInstance.java:1297)
	at org.apache.velocity.runtime.RuntimeInstance.evaluate(RuntimeInstance.java:1265)
	at org.apache.velocity.app.VelocityEngine.evaluate(VelocityEngine.java:199)
	at matthew.velocity.codegen.Templater.process(Templater.java:35)
	at matthew.main.TemplateProcessor.createThymeleafEntitiesPage(TemplateProcessor.java:290)
	at matthew.main.TemplateProcessor.call(TemplateProcessor.java:60)
	at matthew.main.Main.main(Main.java:13)
	at sun.reflect.NativeMethodAccessorImpl.invoke0(Native Method)
	at sun.reflect.NativeMethodAccessorImpl.invoke(NativeMethodAccessorImpl.java:57)
	at sun.reflect.DelegatingMethodAccessorImpl.invoke(DelegatingMethodAccessorImpl.java:43)
	at java.lang.reflect.Method.invoke(Method.java:606)
	at com.intellij.rt.execution.application.AppMain.main(AppMain.java:134)
2014-04-23 22:12:06,853 - Parser Exception: matthew.velocity.codegen.Templater
org.apache.velocity.runtime.parser.ParseException: Encountered "." at line 61, column 82.
Was expecting one of:
    "[" ...
    "}" ...
    
	at org.apache.velocity.runtime.parser.Parser.generateParseException(Parser.java:3679)
	at org.apache.velocity.runtime.parser.Parser.jj_consume_token(Parser.java:3558)
	at org.apache.velocity.runtime.parser.Parser.Reference(Parser.java:1521)
	at org.apache.velocity.runtime.parser.Parser.Statement(Parser.java:357)
	at org.apache.velocity.runtime.parser.Parser.ElseIfStatement(Parser.java:1899)
	at org.apache.velocity.runtime.parser.Parser.IfStatement(Parser.java:1717)
	at org.apache.velocity.runtime.parser.Parser.Statement(Parser.java:352)
	at org.apache.velocity.runtime.parser.Parser.IfStatement(Parser.java:1692)
	at org.apache.velocity.runtime.parser.Parser.Statement(Parser.java:352)
	at org.apache.velocity.runtime.parser.Parser.Directive(Parser.java:918)
	at org.apache.velocity.runtime.parser.Parser.Statement(Parser.java:379)
	at org.apache.velocity.runtime.parser.Parser.process(Parser.java:317)
	at org.apache.velocity.runtime.parser.Parser.parse(Parser.java:117)
	at org.apache.velocity.runtime.RuntimeInstance.parse(RuntimeInstance.java:1226)
	at org.apache.velocity.runtime.RuntimeInstance.parse(RuntimeInstance.java:1181)
	at org.apache.velocity.runtime.RuntimeInstance.evaluate(RuntimeInstance.java:1297)
	at org.apache.velocity.runtime.RuntimeInstance.evaluate(RuntimeInstance.java:1265)
	at org.apache.velocity.app.VelocityEngine.evaluate(VelocityEngine.java:199)
	at matthew.velocity.codegen.Templater.process(Templater.java:35)
	at matthew.main.TemplateProcessor.createThymeleafEntitiesPage(TemplateProcessor.java:290)
	at matthew.main.TemplateProcessor.call(TemplateProcessor.java:60)
	at matthew.main.Main.main(Main.java:13)
	at sun.reflect.NativeMethodAccessorImpl.invoke0(Native Method)
	at sun.reflect.NativeMethodAccessorImpl.invoke(NativeMethodAccessorImpl.java:57)
	at sun.reflect.DelegatingMethodAccessorImpl.invoke(DelegatingMethodAccessorImpl.java:43)
	at java.lang.reflect.Method.invoke(Method.java:606)
	at com.intellij.rt.execution.application.AppMain.main(AppMain.java:134)
2014-04-23 22:12:06,853 - Parser Exception: matthew.velocity.codegen.Templater
org.apache.velocity.runtime.parser.ParseException: Encountered "." at line 61, column 82.
Was expecting one of:
    "[" ...
    "}" ...
    
	at org.apache.velocity.runtime.parser.Parser.generateParseException(Parser.java:3679)
	at org.apache.velocity.runtime.parser.Parser.jj_consume_token(Parser.java:3558)
	at org.apache.velocity.runtime.parser.Parser.Reference(Parser.java:1521)
	at org.apache.velocity.runtime.parser.Parser.Statement(Parser.java:357)
	at org.apache.velocity.runtime.parser.Parser.ElseIfStatement(Parser.java:1899)
	at org.apache.velocity.runtime.parser.Parser.IfStatement(Parser.java:1717)
	at org.apache.velocity.runtime.parser.Parser.Statement(Parser.java:352)
	at org.apache.velocity.runtime.parser.Parser.IfStatement(Parser.java:1692)
	at org.apache.velocity.runtime.parser.Parser.Statement(Parser.java:352)
	at org.apache.velocity.runtime.parser.Parser.Directive(Parser.java:918)
	at org.apache.velocity.runtime.parser.Parser.Statement(Parser.java:379)
	at org.apache.velocity.runtime.parser.Parser.process(Parser.java:317)
	at org.apache.velocity.runtime.parser.Parser.parse(Parser.java:117)
	at org.apache.velocity.runtime.RuntimeInstance.parse(RuntimeInstance.java:1226)
	at org.apache.velocity.runtime.RuntimeInstance.parse(RuntimeInstance.java:1181)
	at org.apache.velocity.runtime.RuntimeInstance.evaluate(RuntimeInstance.java:1297)
	at org.apache.velocity.runtime.RuntimeInstance.evaluate(RuntimeInstance.java:1265)
	at org.apache.velocity.app.VelocityEngine.evaluate(VelocityEngine.java:199)
	at matthew.velocity.codegen.Templater.process(Templater.java:35)
	at matthew.main.TemplateProcessor.createThymeleafEntitiesPage(TemplateProcessor.java:290)
	at matthew.main.TemplateProcessor.call(TemplateProcessor.java:60)
	at matthew.main.Main.main(Main.java:13)
	at sun.reflect.NativeMethodAccessorImpl.invoke0(Native Method)
	at sun.reflect.NativeMethodAccessorImpl.invoke(NativeMethodAccessorImpl.java:57)
	at sun.reflect.DelegatingMethodAccessorImpl.invoke(DelegatingMethodAccessorImpl.java:43)
	at java.lang.reflect.Method.invoke(Method.java:606)
	at com.intellij.rt.execution.application.AppMain.main(AppMain.java:134)
2014-04-23 22:30:49,634 - Parser Exception: matthew.velocity.codegen.Templater
org.apache.velocity.runtime.parser.ParseException: Encountered "String" at line 61, column 38.
Was expecting one of:
    <RPAREN> ...
    <WHITESPACE> ...
    "-" ...
    "+" ...
    "*" ...
    "/" ...
    "%" ...
    <LOGICAL_AND> ...
    <LOGICAL_OR> ...
    <LOGICAL_LT> ...
    <LOGICAL_LE> ...
    <LOGICAL_GT> ...
    <LOGICAL_GE> ...
    <LOGICAL_EQUALS> ...
    <LOGICAL_NOT_EQUALS> ...
    
	at org.apache.velocity.runtime.parser.Parser.generateParseException(Parser.java:3679)
	at org.apache.velocity.runtime.parser.Parser.jj_consume_token(Parser.java:3558)
	at org.apache.velocity.runtime.parser.Parser.SetDirective(Parser.java:1972)
	at org.apache.velocity.runtime.parser.Parser.Statement(Parser.java:369)
	at org.apache.velocity.runtime.parser.Parser.ElseIfStatement(Parser.java:1899)
	at org.apache.velocity.runtime.parser.Parser.IfStatement(Parser.java:1717)
	at org.apache.velocity.runtime.parser.Parser.Statement(Parser.java:352)
	at org.apache.velocity.runtime.parser.Parser.IfStatement(Parser.java:1692)
	at org.apache.velocity.runtime.parser.Parser.Statement(Parser.java:352)
	at org.apache.velocity.runtime.parser.Parser.Directive(Parser.java:918)
	at org.apache.velocity.runtime.parser.Parser.Statement(Parser.java:379)
	at org.apache.velocity.runtime.parser.Parser.process(Parser.java:317)
	at org.apache.velocity.runtime.parser.Parser.parse(Parser.java:117)
	at org.apache.velocity.runtime.RuntimeInstance.parse(RuntimeInstance.java:1226)
	at org.apache.velocity.runtime.RuntimeInstance.parse(RuntimeInstance.java:1181)
	at org.apache.velocity.runtime.RuntimeInstance.evaluate(RuntimeInstance.java:1297)
	at org.apache.velocity.runtime.RuntimeInstance.evaluate(RuntimeInstance.java:1265)
	at org.apache.velocity.app.VelocityEngine.evaluate(VelocityEngine.java:199)
	at matthew.velocity.codegen.Templater.process(Templater.java:35)
	at matthew.main.TemplateProcessor.createThymeleafEntitiesPage(TemplateProcessor.java:290)
	at matthew.main.TemplateProcessor.call(TemplateProcessor.java:60)
	at matthew.main.Main.main(Main.java:13)
	at sun.reflect.NativeMethodAccessorImpl.invoke0(Native Method)
	at sun.reflect.NativeMethodAccessorImpl.invoke(NativeMethodAccessorImpl.java:57)
	at sun.reflect.DelegatingMethodAccessorImpl.invoke(DelegatingMethodAccessorImpl.java:43)
	at java.lang.reflect.Method.invoke(Method.java:606)
	at com.intellij.rt.execution.application.AppMain.main(AppMain.java:134)
2014-04-23 22:30:49,634 - Parser Exception: matthew.velocity.codegen.Templater
org.apache.velocity.runtime.parser.ParseException: Encountered "String" at line 61, column 38.
Was expecting one of:
    <RPAREN> ...
    <WHITESPACE> ...
    "-" ...
    "+" ...
    "*" ...
    "/" ...
    "%" ...
    <LOGICAL_AND> ...
    <LOGICAL_OR> ...
    <LOGICAL_LT> ...
    <LOGICAL_LE> ...
    <LOGICAL_GT> ...
    <LOGICAL_GE> ...
    <LOGICAL_EQUALS> ...
    <LOGICAL_NOT_EQUALS> ...
    
	at org.apache.velocity.runtime.parser.Parser.generateParseException(Parser.java:3679)
	at org.apache.velocity.runtime.parser.Parser.jj_consume_token(Parser.java:3558)
	at org.apache.velocity.runtime.parser.Parser.SetDirective(Parser.java:1972)
	at org.apache.velocity.runtime.parser.Parser.Statement(Parser.java:369)
	at org.apache.velocity.runtime.parser.Parser.ElseIfStatement(Parser.java:1899)
	at org.apache.velocity.runtime.parser.Parser.IfStatement(Parser.java:1717)
	at org.apache.velocity.runtime.parser.Parser.Statement(Parser.java:352)
	at org.apache.velocity.runtime.parser.Parser.IfStatement(Parser.java:1692)
	at org.apache.velocity.runtime.parser.Parser.Statement(Parser.java:352)
	at org.apache.velocity.runtime.parser.Parser.Directive(Parser.java:918)
	at org.apache.velocity.runtime.parser.Parser.Statement(Parser.java:379)
	at org.apache.velocity.runtime.parser.Parser.process(Parser.java:317)
	at org.apache.velocity.runtime.parser.Parser.parse(Parser.java:117)
	at org.apache.velocity.runtime.RuntimeInstance.parse(RuntimeInstance.java:1226)
	at org.apache.velocity.runtime.RuntimeInstance.parse(RuntimeInstance.java:1181)
	at org.apache.velocity.runtime.RuntimeInstance.evaluate(RuntimeInstance.java:1297)
	at org.apache.velocity.runtime.RuntimeInstance.evaluate(RuntimeInstance.java:1265)
	at org.apache.velocity.app.VelocityEngine.evaluate(VelocityEngine.java:199)
	at matthew.velocity.codegen.Templater.process(Templater.java:35)
	at matthew.main.TemplateProcessor.createThymeleafEntitiesPage(TemplateProcessor.java:290)
	at matthew.main.TemplateProcessor.call(TemplateProcessor.java:60)
	at matthew.main.Main.main(Main.java:13)
	at sun.reflect.NativeMethodAccessorImpl.invoke0(Native Method)
	at sun.reflect.NativeMethodAccessorImpl.invoke(NativeMethodAccessorImpl.java:57)
	at sun.reflect.DelegatingMethodAccessorImpl.invoke(DelegatingMethodAccessorImpl.java:43)
	at java.lang.reflect.Method.invoke(Method.java:606)
	at com.intellij.rt.execution.application.AppMain.main(AppMain.java:134)
2014-04-23 22:30:49,634 - Parser Exception: matthew.velocity.codegen.Templater
org.apache.velocity.runtime.parser.ParseException: Encountered "String" at line 61, column 38.
Was expecting one of:
    <RPAREN> ...
    <WHITESPACE> ...
    "-" ...
    "+" ...
    "*" ...
    "/" ...
    "%" ...
    <LOGICAL_AND> ...
    <LOGICAL_OR> ...
    <LOGICAL_LT> ...
    <LOGICAL_LE> ...
    <LOGICAL_GT> ...
    <LOGICAL_GE> ...
    <LOGICAL_EQUALS> ...
    <LOGICAL_NOT_EQUALS> ...
    
	at org.apache.velocity.runtime.parser.Parser.generateParseException(Parser.java:3679)
	at org.apache.velocity.runtime.parser.Parser.jj_consume_token(Parser.java:3558)
	at org.apache.velocity.runtime.parser.Parser.SetDirective(Parser.java:1972)
	at org.apache.velocity.runtime.parser.Parser.Statement(Parser.java:369)
	at org.apache.velocity.runtime.parser.Parser.ElseIfStatement(Parser.java:1899)
	at org.apache.velocity.runtime.parser.Parser.IfStatement(Parser.java:1717)
	at org.apache.velocity.runtime.parser.Parser.Statement(Parser.java:352)
	at org.apache.velocity.runtime.parser.Parser.IfStatement(Parser.java:1692)
	at org.apache.velocity.runtime.parser.Parser.Statement(Parser.java:352)
	at org.apache.velocity.runtime.parser.Parser.Directive(Parser.java:918)
	at org.apache.velocity.runtime.parser.Parser.Statement(Parser.java:379)
	at org.apache.velocity.runtime.parser.Parser.process(Parser.java:317)
	at org.apache.velocity.runtime.parser.Parser.parse(Parser.java:117)
	at org.apache.velocity.runtime.RuntimeInstance.parse(RuntimeInstance.java:1226)
	at org.apache.velocity.runtime.RuntimeInstance.parse(RuntimeInstance.java:1181)
	at org.apache.velocity.runtime.RuntimeInstance.evaluate(RuntimeInstance.java:1297)
	at org.apache.velocity.runtime.RuntimeInstance.evaluate(RuntimeInstance.java:1265)
	at org.apache.velocity.app.VelocityEngine.evaluate(VelocityEngine.java:199)
	at matthew.velocity.codegen.Templater.process(Templater.java:35)
	at matthew.main.TemplateProcessor.createThymeleafEntitiesPage(TemplateProcessor.java:290)
	at matthew.main.TemplateProcessor.call(TemplateProcessor.java:60)
	at matthew.main.Main.main(Main.java:13)
	at sun.reflect.NativeMethodAccessorImpl.invoke0(Native Method)
	at sun.reflect.NativeMethodAccessorImpl.invoke(NativeMethodAccessorImpl.java:57)
	at sun.reflect.DelegatingMethodAccessorImpl.invoke(DelegatingMethodAccessorImpl.java:43)
	at java.lang.reflect.Method.invoke(Method.java:606)
	at com.intellij.rt.execution.application.AppMain.main(AppMain.java:134)
